<?xml version="1.0" encoding="UTF-8"?>
<!-- Generated by org.testng.reporters.JUnitXMLReporter -->
<testsuite hostname="IN-HK28TT2" ignored="0" name="Booking API test" tests="3" failures="0" timestamp="19 Dec 2019 19:24:09 GMT" time="6.662" errors="0">
  <testcase name="getBookings" time="3.612" classname="com.testcases.GETAPITest"/>
  <testcase name="getBooking" time="1.772" classname="com.testcases.GETAPITest"/>
  <testcase name="createBooking" time="1.221" classname="com.testcases.POSTAPITest"/>
</testsuite> <!-- Booking API test -->
